<?xml version='1.0' encoding='UTF-8' ?>
<testsuites tests="13" failures="1" errors="0" skipped="0" time="0.000" timestamp="2026-09-05T13:54:20" hostname="localhost">
  <testsuite name="com.indian.nutrition.tracker.data.local.DaoInstrumentedTest" tests="5" failures="0" errors="0" skipped="0" time="0.131" timestamp="2026-09-05T13:54:20" hostname="localhost">
    <properties>
      <property name="device" value="emulator-5554" />
    </properties>
    <testcase name="dailyLogInsertReplaceAndDelete" classname="com.indian.nutrition.tracker.data.local.DaoInstrumentedTest" time="0.036" />
    <testcase name="waterInsertReplaceAndOrdering" classname="com.indian.nutrition.tracker.data.local.DaoInstrumentedTest" time="0.027" />
    <testcase name="weightUpsertUpdateAndUniqueDate" classname="com.indian.nutrition.tracker.data.local.DaoInstrumentedTest" time="0.024" />
    <testcase name="offCacheEvictionAndCounting" classname="com.indian.nutrition.tracker.data.local.DaoInstrumentedTest" time="0.015" />
    <testcase name="customFoodInsertUpdateAndClear" classname="com.indian.nutrition.tracker.data.local.DaoInstrumentedTest" time="0.029" />
  </testsuite>
  <testsuite name="com.indian.nutrition.tracker.data.repository.RepositoryInstrumentedTest" tests="4" failures="0" errors="0" skipped="0" time="0.098" timestamp="2026-09-05T13:54:20" hostname="localhost">
    <properties>
      <property name="device" value="emulator-5554" />
    </properties>
    <testcase name="logAndWaterImportKeepIdsAndReplaceOnConflict" classname="com.indian.nutrition.tracker.data.repository.RepositoryInstrumentedTest" time="0.031" />
    <testcase name="customImportAndClearAllTables" classname="com.indian.nutrition.tracker.data.repository.RepositoryInstrumentedTest" time="0.043" />
    <testcase name="weightImportCollapsesDuplicateDates" classname="com.indian.nutrition.tracker.data.repository.RepositoryInstrumentedTest" time="0.011" />
    <testcase name="weightUpsertIsOneRowPerDate" classname="com.indian.nutrition.tracker.data.repository.RepositoryInstrumentedTest" time="0.013" />
  </testsuite>
  <testsuite name="com.indian.nutrition.tracker.ui.AppUiTest" tests="4" failures="1" errors="0" skipped="0" time="25.782" timestamp="2026-09-05T13:54:20" hostname="localhost">
    <properties>
      <property name="device" value="emulator-5554" />
    </properties>
    <testcase name="test01_homeRendersAndWaterQuickAddWorks" classname="com.indian.nutrition.tracker.ui.AppUiTest" time="1.442" />
    <testcase name="test02_weightSheetLogsAndUpdatesSummary" classname="com.indian.nutrition.tracker.ui.AppUiTest" time="1.546" />
    <testcase name="test03_addFoodOpensSearchAndCanCreateCustomRecipe" classname="com.indian.nutrition.tracker.ui.AppUiTest" time="1.881" />
    <testcase name="test04_calculatorRendersProfileAndSavesTargets" classname="com.indian.nutrition.tracker.ui.AppUiTest" time="20.913">
      <failure>androidx.compose.ui.test.ComposeTimeoutException: Condition still not satisfied after 20000 ms
	at androidx.compose.ui.test.AndroidComposeUiTestEnvironment$AndroidComposeUiTestImpl.waitUntil(ComposeUiTest.android.kt:441)
	at androidx.compose.ui.test.junit4.AndroidComposeTestRule.waitUntil(AndroidComposeTestRule.android.kt:306)
	at com.indian.nutrition.tracker.ui.AppUiTest.waitForText(AppUiTest.kt:66)
	at com.indian.nutrition.tracker.ui.AppUiTest.waitForText$default(AppUiTest.kt:65)
	at com.indian.nutrition.tracker.ui.AppUiTest.test04_calculatorRendersProfileAndSavesTargets(AppUiTest.kt:167)
</failure>
    </testcase>
  </testsuite>
</testsuites>
